[11:50:37] [ServerMain/INFO]: Building unoptimized datafixer
[11:50:38] [ServerMain/INFO]: Environment: authHost='https://authserver.mojang.com', accountsHost='https://api.mojang.com', sessionHost='https://sessionserver.mojang.com', servicesHost='https://api.minecraftservices.com', name='PROD'
[11:50:40] [ServerMain/INFO]: Loaded 7 recipes
[11:50:41] [Server thread/INFO]: Starting minecraft server version 1.19.2
[11:50:41] [Server thread/WARN]: ****************************
[11:50:41] [Server thread/WARN]: YOU ARE RUNNING THIS SERVER AS AN ADMINISTRATIVE OR ROOT USER. THIS IS NOT ADVISED.
[11:50:41] [Server thread/WARN]: YOU ARE OPENING YOURSELF UP TO POTENTIAL RISKS WHEN DOING THIS.
[11:50:41] [Server thread/WARN]: FOR MORE INFORMATION, SEE https://madelinemiller.dev/blog/root-minecraft-server/
[11:50:41] [Server thread/WARN]: ****************************
[11:50:41] [Server thread/INFO]: Loading properties
[11:50:41] [Server thread/INFO]: This server is running Paper version git-Paper-270 (MC: 1.19.2) (Implementing API version 1.19.2-R0.1-SNAPSHOT) (Git: e22dacf)
[11:50:41] [Server thread/INFO]: Server Ping Player Sample Count: 12
[11:50:41] [Server thread/INFO]: Using 4 threads for Netty based IO
[11:50:41] [Server thread/INFO]: [ChunkTaskScheduler] Chunk system is using 1 I/O threads, 1 worker threads, and gen parallelism of 1 threads
[11:50:42] [Server thread/INFO]: Default game type: SURVIVAL
[11:50:42] [Server thread/INFO]: Generating keypair
[11:50:42] [Server thread/INFO]: Starting Minecraft server on *:25565
[11:50:42] [Server thread/INFO]: Using epoll channel type
[11:50:42] [Server thread/INFO]: Paper: Using libdeflate (Linux x86_64) compression from Velocity.
[11:50:42] [Server thread/INFO]: Paper: Using OpenSSL 1.1.x (Linux x86_64) cipher from Velocity.
[11:50:42] [Server thread/INFO]: [LuckPerms] Loading LuckPerms v5.4.52
[11:50:43] [Server thread/INFO]: [Essentials] Loading Essentials v2.20.0-dev+17-6e931b2
[11:50:43] [Server thread/INFO]: Server permissions file permissions.yml is empty, ignoring it
[11:50:43] [Server thread/INFO]: [LuckPerms] Enabling LuckPerms v5.4.52
[11:50:43] [Server thread/INFO]:         __    
[11:50:43] [Server thread/INFO]:   |    |__)   LuckPerms v5.4.52
[11:50:43] [Server thread/INFO]:   |___ |      Running on Bukkit - Paper
[11:50:43] [Server thread/INFO]: 
[11:50:43] [Server thread/INFO]: [LuckPerms] Loading configuration...
[11:57:52] [Thread-0/INFO]: Stopping main thread (Ignore any thread death message you see! - DO NOT REPORT THREAD DEATH TO PAPER)
[11:57:52] [Server thread/INFO]: [LuckPerms] Loading storage provider... [H2]
[11:57:52] [Server thread/ERROR]: Error occurred while enabling LuckPerms v5.4.52 (Is it up to date?)
java.lang.ThreadDeath: null
	at java.lang.Thread.stop(Thread.java:942) ~[?:?]
	at net.minecraft.server.MinecraftServer.stopServer(MinecraftServer.java:926) ~[paper-1.19.2.jar:git-Paper-270]
	at net.minecraft.server.dedicated.DedicatedServer.stopServer(DedicatedServer.java:808) ~[paper-1.19.2.jar:git-Paper-270]
	at net.minecraft.server.MinecraftServer.close(MinecraftServer.java:898) ~[paper-1.19.2.jar:git-Paper-270]
	at org.bukkit.craftbukkit.v1_19_R1.util.ServerShutdownThread.run(ServerShutdownThread.java:28) ~[paper-1.19.2.jar:git-Paper-270]
[11:57:52] [Server thread/INFO]: [LuckPerms] Disabling LuckPerms v5.4.52
[11:57:52] [Server thread/INFO]: [LuckPerms] Starting shutdown process...
[11:57:52] [Server thread/ERROR]: Error occurred while disabling LuckPerms v5.4.52 (Is it up to date?)
java.lang.NullPointerException: Cannot invoke "me.lucko.luckperms.common.extension.SimpleExtensionManager.close()" because "this.extensionManager" is null
	at me.lucko.luckperms.common.plugin.AbstractLuckPermsPlugin.disable(AbstractLuckPermsPlugin.java:264) ~[?:?]
	at me.lucko.luckperms.bukkit.LPBukkitBootstrap.onDisable(LPBukkitBootstrap.java:193) ~[?:?]
	at me.lucko.luckperms.bukkit.loader.BukkitLoaderPlugin.onDisable(BukkitLoaderPlugin.java:56) ~[LuckPerms.jar:?]
	at org.bukkit.plugin.java.JavaPlugin.setEnabled(JavaPlugin.java:266) ~[paper-api-1.19.2-R0.1-SNAPSHOT.jar:?]
	at org.bukkit.plugin.java.JavaPluginLoader.disablePlugin(JavaPluginLoader.java:399) ~[paper-api-1.19.2-R0.1-SNAPSHOT.jar:?]
	at org.bukkit.plugin.SimplePluginManager.disablePlugin(SimplePluginManager.java:579) ~[paper-api-1.19.2-R0.1-SNAPSHOT.jar:?]
	at org.bukkit.plugin.java.JavaPluginLoader.enablePlugin(JavaPluginLoader.java:374) ~[paper-api-1.19.2-R0.1-SNAPSHOT.jar:?]
	at org.bukkit.plugin.SimplePluginManager.enablePlugin(SimplePluginManager.java:542) ~[paper-api-1.19.2-R0.1-SNAPSHOT.jar:?]
	at org.bukkit.craftbukkit.v1_19_R1.CraftServer.enablePlugin(CraftServer.java:565) ~[paper-1.19.2.jar:git-Paper-270]
	at org.bukkit.craftbukkit.v1_19_R1.CraftServer.enablePlugins(CraftServer.java:479) ~[paper-1.19.2.jar:git-Paper-270]
	at net.minecraft.server.dedicated.DedicatedServer.initServer(DedicatedServer.java:279) ~[paper-1.19.2.jar:git-Paper-270]
	at net.minecraft.server.MinecraftServer.runServer(MinecraftServer.java:1100) ~[paper-1.19.2.jar:git-Paper-270]
	at net.minecraft.server.MinecraftServer.lambda$spin$0(MinecraftServer.java:305) ~[paper-1.19.2.jar:git-Paper-270]
	at java.lang.Thread.run(Thread.java:833) ~[?:?]
[11:57:52] [Server thread/WARN]: **** SERVER IS RUNNING IN OFFLINE/INSECURE MODE!
[11:57:52] [Server thread/WARN]: The server will make no attempt to authenticate usernames. Beware.
[11:57:52] [Server thread/WARN]: While this makes the game possible to play without internet access, it also opens up the ability for hackers to connect with any username they choose.
[11:57:52] [Server thread/WARN]: To change this, set "online-mode" to "true" in the server.properties file.
[11:57:52] [Server thread/INFO]: Preparing level "world"
[11:57:52] [Server thread/ERROR]: Main thread terminated by WatchDog due to hard crash
java.lang.ThreadDeath: null
	at java.lang.Thread.stop(Thread.java:942) ~[?:?]
	at net.minecraft.server.MinecraftServer.stopServer(MinecraftServer.java:926) ~[paper-1.19.2.jar:git-Paper-270]
	at net.minecraft.server.dedicated.DedicatedServer.stopServer(DedicatedServer.java:808) ~[paper-1.19.2.jar:git-Paper-270]
	at net.minecraft.server.MinecraftServer.close(MinecraftServer.java:898) ~[paper-1.19.2.jar:git-Paper-270]
	at org.bukkit.craftbukkit.v1_19_R1.util.ServerShutdownThread.run(ServerShutdownThread.java:28) ~[paper-1.19.2.jar:git-Paper-270]
[11:57:52] [Thread-0/INFO]: Stopping server
[11:57:52] [Thread-0/INFO]: Saving players
[11:57:52] [Thread-0/WARN]: Asynchronous Save Players! Blocking thread until it returns 
java.lang.IllegalStateException: null
	at io.papermc.paper.util.MCUtil.ensureMain(MCUtil.java:361) ~[paper-1.19.2.jar:git-Paper-270]
	at net.minecraft.server.players.PlayerList.saveAll(PlayerList.java:1248) ~[paper-1.19.2.jar:git-Paper-270]
	at net.minecraft.server.players.PlayerList.saveAll(PlayerList.java:1244) ~[paper-1.19.2.jar:git-Paper-270]
	at net.minecraft.server.MinecraftServer.stopServer(MinecraftServer.java:954) ~[paper-1.19.2.jar:git-Paper-270]
	at net.minecraft.server.dedicated.DedicatedServer.stopServer(DedicatedServer.java:808) ~[paper-1.19.2.jar:git-Paper-270]
	at net.minecraft.server.MinecraftServer.close(MinecraftServer.java:898) ~[paper-1.19.2.jar:git-Paper-270]
	at org.bukkit.craftbukkit.v1_19_R1.util.ServerShutdownThread.run(ServerShutdownThread.java:28) ~[paper-1.19.2.jar:git-Paper-270]
